<?xml version="1.0" encoding="UTF-8"?>
<testsuite name="runner.TestRunner" tests="9" skipped="0" failures="4" errors="0" timestamp="2023-03-15T00:49:35" hostname="TTC-LT-237" time="27.625">
  <properties/>
  <testcase name="Dummy Rest Api GET Students" classname="runner.TestRunner" time="3.221">
    <failure message="org.junit.ComparisonFailure: expected:&lt;[200]&gt; but was:&lt;[404]&gt;" type="org.junit.ComparisonFailure">org.junit.ComparisonFailure: expected:&lt;[200]&gt; but was:&lt;[404]&gt;
	at org.junit.Assert.assertEquals(Assert.java:117)
	at org.junit.Assert.assertEquals(Assert.java:146)
	at step.definitions.MyStepDefinition.response_is_validated(MyStepDefinition.java:61)
	at ✽.Response Code &quot;200&quot; is validated(file:///C:/workspace/TestAPIFrameWork/src/test/resources/featureFiles/DemoRestTest.feature:5)
</failure>
  </testcase>
  <testcase name="verify name display" classname="runner.TestRunner" time="2.141"/>
  <testcase name="Verify the city name" classname="runner.TestRunner" time="4.546">
    <failure message="java.lang.AssertionError: expected:&lt;typicode&gt; but was:&lt;null&gt;" type="java.lang.AssertionError">java.lang.AssertionError: expected:&lt;typicode&gt; but was:&lt;null&gt;
	at org.junit.Assert.fail(Assert.java:89)
	at org.junit.Assert.failNotEquals(Assert.java:835)
	at org.junit.Assert.assertEquals(Assert.java:120)
	at step.definitions.MyStepDefinition.getTheCityName(MyStepDefinition.java:99)
	at ✽.Get the email &quot;typicode&quot; and &quot;posts/1&quot; and &quot;json-server&quot;(file:///C:/workspace/TestAPIFrameWork/src/test/resources/featureFiles/DemoRestTest.feature:23)
</failure>
  </testcase>
  <testcase name="Update city details" classname="runner.TestRunner" time="2.124"/>
  <testcase name="Authorised user is able to add or delete books" classname="runner.TestRunner" time="3.065">
    <failure message="java.lang.AssertionError: expected:&lt;201&gt; but was:&lt;401&gt;" type="java.lang.AssertionError">java.lang.AssertionError: expected:&lt;201&gt; but was:&lt;401&gt;
	at org.junit.Assert.fail(Assert.java:89)
	at org.junit.Assert.failNotEquals(Assert.java:835)
	at org.junit.Assert.assertEquals(Assert.java:647)
	at org.junit.Assert.assertEquals(Assert.java:633)
	at step.definitions.MyStepDefinition.bookIsAdded(MyStepDefinition.java:180)
	at ✽.The book is added(file:///C:/workspace/TestAPIFrameWork/src/test/resources/featureFiles/E2ETest.feature:9)
</failure>
  </testcase>
  <testcase name="Authorised user is able to add or delete books" classname="runner.TestRunner" time="2.094"/>
  <testcase name="Get the user data and delte" classname="runner.TestRunner" time="4.171"/>
  <testcase name="Update the user details" classname="runner.TestRunner" time="2.077">
    <failure message="java.lang.AssertionError: expected:&lt;201&gt; but was:&lt;200&gt;" type="java.lang.AssertionError">java.lang.AssertionError: expected:&lt;201&gt; but was:&lt;200&gt;
	at org.junit.Assert.fail(Assert.java:89)
	at org.junit.Assert.failNotEquals(Assert.java:835)
	at org.junit.Assert.assertEquals(Assert.java:647)
	at org.junit.Assert.assertEquals(Assert.java:633)
	at step.definitions.MyStepDefinition.verifyTheResponseMessage(MyStepDefinition.java:293)
	at ✽.Verify the response message code &quot;200&quot;(file:///C:/workspace/TestAPIFrameWork/src/test/resources/featureFiles/E2ETestLocal.feature:23)
</failure>
  </testcase>
  <testcase name="Authorised user is able to add update check states and delete details" classname="runner.TestRunner" time="4.18"/>
  <system-out><![CDATA[{
    
}
{
    
}
{
    
}
{
    
}
Response body is: HTTP/1.1 404 Not Found
{
    
}
{
    
}
{
    
}
{
    
}
Body:			<none>
 response isnull
Body:
{
    "UserName": "username",
    "Password": "password"
}
The status received: HTTP/1.1 404 Not Found
{
    
}
{
    
}
HiiiiiBody:
{
    "code": "james000",
    "message": "Test@@123",
    "name": "Dilantha"
}
{
    "code": "1200",
    "message": "UserName and Password required."
}
{
    "code": "1200",
    "message": "UserName and Password required."
}
{
    "books": [
        {
            "isbn": "9781449325862",
            "title": "Git Pocket Guide",
            "subTitle": "A Working Introduction",
            "author": "Richard E. Silverman",
            "publish_date": "2020-06-04T08:48:39.000Z",
            "publisher": "O'Reilly Media",
            "pages": 234,
            "description": "This pocket guide is the perfect on-the-job companion to Git, the distributed version control system. It provides a compact, readable introduction to Git for new users, as well as a reference to common commands and procedures for those of you with Git exp",
            "website": "http://chimera.labs.oreilly.com/books/1230000000561/index.html"
        },
        {
            "isbn": "9781449331818",
            "title": "Learning JavaScript Design Patterns",
            "subTitle": "A JavaScript and jQuery Developer's Guide",
            "author": "Addy Osmani",
            "publish_date": "2020-06-04T09:11:40.000Z",
            "publisher": "O'Reilly Media",
            "pages": 254,
            "description": "With Learning JavaScript Design Patterns, you'll learn how to write beautiful, structured, and maintainable JavaScript by applying classical and modern design patterns to the language. If you want to keep your code efficient, more manageable, and up-to-da",
            "website": "http://www.addyosmani.com/resources/essentialjsdesignpatterns/book/"
        },
        {
            "isbn": "9781449337711",
            "title": "Designing Evolvable Web APIs with ASP.NET",
            "subTitle": "Harnessing the Power of the Web",
            "author": "Glenn Block et al.",
            "publish_date": "2020-06-04T09:12:43.000Z",
            "publisher": "O'Reilly Media",
            "pages": 238,
            "description": "Design and build Web APIs for a broad range of clients—including browsers and mobile devices—that can adapt to change over time. This practical, hands-on guide takes you through the theory and tools you need to build evolvable HTTP services with Microsoft",
            "website": "http://chimera.labs.oreilly.com/books/1234000001708/index.html"
        },
        {
            "isbn": "9781449365035",
            "title": "Speaking JavaScript",
            "subTitle": "An In-Depth Guide for Programmers",
            "author": "Axel Rauschmayer",
            "publish_date": "2014-02-01T00:00:00.000Z",
            "publisher": "O'Reilly Media",
            "pages": 460,
            "description": "Like it or not, JavaScript is everywhere these days-from browser to server to mobile-and now you, too, need to learn the language or dive deeper than you have. This concise book guides you into and through JavaScript, written by a veteran programmer who o",
            "website": "http://speakingjs.com/"
        },
        {
            "isbn": "9781491904244",
            "title": "You Don't Know JS",
            "subTitle": "ES6 & Beyond",
            "author": "Kyle Simpson",
            "publish_date": "2015-12-27T00:00:00.000Z",
            "publisher": "O'Reilly Media",
            "pages": 278,
            "description": "No matter how much experience you have with JavaScript, odds are you don’t fully understand the language. As part of the \\\"You Don’t Know JS\\\" series, this compact guide focuses on new features available in ECMAScript 6 (ES6), the latest version of the st",
            "website": "https://github.com/getify/You-Dont-Know-JS/tree/master/es6%20&%20beyond"
        },
        {
            "isbn": "9781491950296",
            "title": "Programming JavaScript Applications",
            "subTitle": "Robust Web Architecture with Node, HTML5, and Modern JS Libraries",
            "author": "Eric Elliott",
            "publish_date": "2014-07-01T00:00:00.000Z",
            "publisher": "O'Reilly Media",
            "pages": 254,
            "description": "Take advantage of JavaScript's power to build robust web-scale or enterprise applications that are easy to extend and maintain. By applying the design patterns outlined in this practical book, experienced JavaScript developers will learn how to write flex",
            "website": "http://chimera.labs.oreilly.com/books/1234000000262/index.html"
        },
        {
            "isbn": "9781593275846",
            "title": "Eloquent JavaScript, Second Edition",
            "subTitle": "A Modern Introduction to Programming",
            "author": "Marijn Haverbeke",
            "publish_date": "2014-12-14T00:00:00.000Z",
            "publisher": "No Starch Press",
            "pages": 472,
            "description": "JavaScript lies at the heart of almost every modern web application, from social apps to the newest browser-based games. Though simple for beginners to pick up and play with, JavaScript is a flexible, complex language that you can use to build full-scale ",
            "website": "http://eloquentjavascript.net/"
        },
        {
            "isbn": "9781593277574",
            "title": "Understanding ECMAScript 6",
            "subTitle": "The Definitive Guide for JavaScript Developers",
            "author": "Nicholas C. Zakas",
            "publish_date": "2016-09-03T00:00:00.000Z",
            "publisher": "No Starch Press",
            "pages": 352,
            "description": "ECMAScript 6 represents the biggest update to the core of JavaScript in the history of the language. In Understanding ECMAScript 6, expert developer Nicholas C. Zakas provides a complete guide to the object types, syntax, and other exciting changes that E",
            "website": "https://leanpub.com/understandinges6/read"
        }
    ]
}
{
    "books": [
        {
            "isbn": "9781449325862",
            "title": "Git Pocket Guide",
            "subTitle": "A Working Introduction",
            "author": "Richard E. Silverman",
            "publish_date": "2020-06-04T08:48:39.000Z",
            "publisher": "O'Reilly Media",
            "pages": 234,
            "description": "This pocket guide is the perfect on-the-job companion to Git, the distributed version control system. It provides a compact, readable introduction to Git for new users, as well as a reference to common commands and procedures for those of you with Git exp",
            "website": "http://chimera.labs.oreilly.com/books/1230000000561/index.html"
        },
        {
            "isbn": "9781449331818",
            "title": "Learning JavaScript Design Patterns",
            "subTitle": "A JavaScript and jQuery Developer's Guide",
            "author": "Addy Osmani",
            "publish_date": "2020-06-04T09:11:40.000Z",
            "publisher": "O'Reilly Media",
            "pages": 254,
            "description": "With Learning JavaScript Design Patterns, you'll learn how to write beautiful, structured, and maintainable JavaScript by applying classical and modern design patterns to the language. If you want to keep your code efficient, more manageable, and up-to-da",
            "website": "http://www.addyosmani.com/resources/essentialjsdesignpatterns/book/"
        },
        {
            "isbn": "9781449337711",
            "title": "Designing Evolvable Web APIs with ASP.NET",
            "subTitle": "Harnessing the Power of the Web",
            "author": "Glenn Block et al.",
            "publish_date": "2020-06-04T09:12:43.000Z",
            "publisher": "O'Reilly Media",
            "pages": 238,
            "description": "Design and build Web APIs for a broad range of clients—including browsers and mobile devices—that can adapt to change over time. This practical, hands-on guide takes you through the theory and tools you need to build evolvable HTTP services with Microsoft",
            "website": "http://chimera.labs.oreilly.com/books/1234000001708/index.html"
        },
        {
            "isbn": "9781449365035",
            "title": "Speaking JavaScript",
            "subTitle": "An In-Depth Guide for Programmers",
            "author": "Axel Rauschmayer",
            "publish_date": "2014-02-01T00:00:00.000Z",
            "publisher": "O'Reilly Media",
            "pages": 460,
            "description": "Like it or not, JavaScript is everywhere these days-from browser to server to mobile-and now you, too, need to learn the language or dive deeper than you have. This concise book guides you into and through JavaScript, written by a veteran programmer who o",
            "website": "http://speakingjs.com/"
        },
        {
            "isbn": "9781491904244",
            "title": "You Don't Know JS",
            "subTitle": "ES6 & Beyond",
            "author": "Kyle Simpson",
            "publish_date": "2015-12-27T00:00:00.000Z",
            "publisher": "O'Reilly Media",
            "pages": 278,
            "description": "No matter how much experience you have with JavaScript, odds are you don’t fully understand the language. As part of the \\\"You Don’t Know JS\\\" series, this compact guide focuses on new features available in ECMAScript 6 (ES6), the latest version of the st",
            "website": "https://github.com/getify/You-Dont-Know-JS/tree/master/es6%20&%20beyond"
        },
        {
            "isbn": "9781491950296",
            "title": "Programming JavaScript Applications",
            "subTitle": "Robust Web Architecture with Node, HTML5, and Modern JS Libraries",
            "author": "Eric Elliott",
            "publish_date": "2014-07-01T00:00:00.000Z",
            "publisher": "O'Reilly Media",
            "pages": 254,
            "description": "Take advantage of JavaScript's power to build robust web-scale or enterprise applications that are easy to extend and maintain. By applying the design patterns outlined in this practical book, experienced JavaScript developers will learn how to write flex",
            "website": "http://chimera.labs.oreilly.com/books/1234000000262/index.html"
        },
        {
            "isbn": "9781593275846",
            "title": "Eloquent JavaScript, Second Edition",
            "subTitle": "A Modern Introduction to Programming",
            "author": "Marijn Haverbeke",
            "publish_date": "2014-12-14T00:00:00.000Z",
            "publisher": "No Starch Press",
            "pages": 472,
            "description": "JavaScript lies at the heart of almost every modern web application, from social apps to the newest browser-based games. Though simple for beginners to pick up and play with, JavaScript is a flexible, complex language that you can use to build full-scale ",
            "website": "http://eloquentjavascript.net/"
        },
        {
            "isbn": "9781593277574",
            "title": "Understanding ECMAScript 6",
            "subTitle": "The Definitive Guide for JavaScript Developers",
            "author": "Nicholas C. Zakas",
            "publish_date": "2016-09-03T00:00:00.000Z",
            "publisher": "No Starch Press",
            "pages": 352,
            "description": "ECMAScript 6 represents the biggest update to the core of JavaScript in the history of the language. In Understanding ECMAScript 6, expert developer Nicholas C. Zakas provides a complete guide to the object types, syntax, and other exciting changes that E",
            "website": "https://leanpub.com/understandinges6/read"
        }
    ]
}
{
    "code": "1207",
    "message": "User Id not correct!"
}
{
    "code": "1207",
    "message": "User Id not correct!"
}
Body:
{
    "code": "6770",
    "message": "pass",
    "name": "bolt"
}
{
  "code": "6770",
  "message": "pass",
  "name": "bolt",
  "id": 29
}
http://localhost:3000/posts/29
HiiiiiBody:			<none>
io.restassured.internal.RestAssuredResponseImpl@7c4d1c7b
This is final url : http://localhost:3000/posts/29
The response code is - 200
Body:
{
    "code": "6769",
    "message": "failed",
    "name": "bolts"
}
{
  "code": "6769",
  "message": "failed",
  "name": "bolts",
  "id": 9
}
Body:
{
    "code": "6771",
    "message": "PASSED",
    "name": "KEYAN"
}
{
  "code": "6771",
  "message": "PASSED",
  "name": "KEYAN",
  "id": 29
}
http://localhost:3000/posts/29
This is final url : http://localhost:3000/posts/29
The response code is - 200
]]></system-out>
  <system-err><![CDATA[log4j:WARN No appenders could be found for logger (org.apache.http.impl.conn.BasicClientConnectionManager).
log4j:WARN Please initialize the log4j system properly.
log4j:WARN See http://logging.apache.org/log4j/1.2/faq.html#noconfig for more info.
?????????????????????????????????????????????????????????????????????????????????????
? Share your Cucumber Report with your team at https://reports.cucumber.io          ?
? Activate publishing with one of the following:                                    ?
?                                                                                   ?
? src/test/resources/cucumber.properties:          cucumber.publish.enabled=true    ?
? src/test/resources/junit-platform.properties:    cucumber.publish.enabled=true    ?
? Environment variable:                            CUCUMBER_PUBLISH_ENABLED=true    ?
? JUnit:                                           @CucumberOptions(publish = true) ?
?                                                                                   ?
? More information at https://cucumber.io/docs/cucumber/environment-variables/      ?
?                                                                                   ?
? Disable this message with one of the following:                                   ?
?                                                                                   ?
? src/test/resources/cucumber.properties:          cucumber.publish.quiet=true      ?
? src/test/resources/junit-platform.properties:    cucumber.publish.quiet=true      ?
?????????????????????????????????????????????????????????????????????????????????????
]]></system-err>
</testsuite>
